{"/home/ngechumungai/Desktop/Playground/react-academy/src/context/userDetailsContext.js": {"path":"/home/ngechumungai/Desktop/Playground/react-academy/src/context/userDetailsContext.js","all":false,"statementMap":{"0":{"start":{"line":1,"column":0},"end":{"line":1,"column":72}},"1":{"start":{"line":2,"column":0},"end":{"line":2,"column":0}},"2":{"start":{"line":3,"column":0},"end":{"line":3,"column":49}}},"s":{"0":1,"1":1,"2":1},"branchMap":{},"b":{},"fnMap":{},"f":{}}
,"/home/ngechumungai/Desktop/Playground/react-academy/src/pages/Home/Home.jsx": {"path":"/home/ngechumungai/Desktop/Playground/react-academy/src/pages/Home/Home.jsx","all":false,"statementMap":{"0":{"start":{"line":1,"column":0},"end":{"line":1,"column":51}},"1":{"start":{"line":2,"column":0},"end":{"line":2,"column":69}},"2":{"start":{"line":3,"column":0},"end":{"line":3,"column":0}},"3":{"start":{"line":4,"column":0},"end":{"line":4,"column":20}},"4":{"start":{"line":5,"column":0},"end":{"line":5,"column":51}},"5":{"start":{"line":6,"column":0},"end":{"line":6,"column":43}},"6":{"start":{"line":7,"column":0},"end":{"line":7,"column":0}},"7":{"start":{"line":8,"column":0},"end":{"line":8,"column":9}},"8":{"start":{"line":9,"column":0},"end":{"line":9,"column":7}},"9":{"start":{"line":10,"column":0},"end":{"line":10,"column":24}},"10":{"start":{"line":11,"column":0},"end":{"line":11,"column":69}},"11":{"start":{"line":12,"column":0},"end":{"line":12,"column":101}},"12":{"start":{"line":13,"column":0},"end":{"line":13,"column":47}},"13":{"start":{"line":14,"column":0},"end":{"line":14,"column":1498}},"14":{"start":{"line":15,"column":0},"end":{"line":15,"column":8}},"15":{"start":{"line":16,"column":0},"end":{"line":16,"column":2}},"16":{"start":{"line":17,"column":0},"end":{"line":17,"column":1}},"17":{"start":{"line":18,"column":0},"end":{"line":18,"column":0}},"18":{"start":{"line":19,"column":0},"end":{"line":19,"column":19}}},"s":{"0":1,"1":1,"2":1,"3":1,"4":4,"5":4,"6":4,"7":4,"8":4,"9":4,"10":4,"11":4,"12":4,"13":4,"14":4,"15":4,"16":4,"17":1,"18":1},"branchMap":{"0":{"type":"branch","line":4,"loc":{"start":{"line":4,"column":13},"end":{"line":17,"column":1}},"locations":[{"start":{"line":4,"column":13},"end":{"line":17,"column":1}}]},"1":{"type":"branch","line":12,"loc":{"start":{"line":12,"column":46},"end":{"line":12,"column":84}},"locations":[{"start":{"line":12,"column":46},"end":{"line":12,"column":84}}]},"2":{"type":"branch","line":12,"loc":{"start":{"line":12,"column":61},"end":{"line":12,"column":81}},"locations":[{"start":{"line":12,"column":61},"end":{"line":12,"column":81}}]}},"b":{"0":[4],"1":[1],"2":[1]},"fnMap":{"0":{"name":"Home","decl":{"start":{"line":4,"column":13},"end":{"line":17,"column":1}},"loc":{"start":{"line":4,"column":13},"end":{"line":17,"column":1}},"line":4},"1":{"name":"onClick","decl":{"start":{"line":12,"column":46},"end":{"line":12,"column":84}},"loc":{"start":{"line":12,"column":46},"end":{"line":12,"column":84}},"line":12}},"f":{"0":4,"1":1}}
}
